{"D:\\_full-stack\\99x\\practice\\serverless-yt\\notification-service\\src\\handlers\\SendMail.js": {"path":"D:\\_full-stack\\99x\\practice\\serverless-yt\\notification-service\\src\\handlers\\SendMail.js","statementMap":{"0":{"start":{"line":3,"column":12},"end":{"line":3,"column":48}},"1":{"start":{"line":5,"column":23},"end":{"line":38,"column":1}},"2":{"start":{"line":7,"column":17},"end":{"line":7,"column":33}},"3":{"start":{"line":8,"column":16},"end":{"line":8,"column":39}},"4":{"start":{"line":9,"column":39},"end":{"line":9,"column":44}},"5":{"start":{"line":11,"column":17},"end":{"line":22,"column":3}},"6":{"start":{"line":24,"column":2},"end":{"line":37,"column":3}},"7":{"start":{"line":25,"column":19},"end":{"line":25,"column":56}},"8":{"start":{"line":26,"column":4},"end":{"line":26,"column":24}},"9":{"start":{"line":27,"column":4},"end":{"line":30,"column":6}},"10":{"start":{"line":32,"column":4},"end":{"line":32,"column":23}},"11":{"start":{"line":33,"column":4},"end":{"line":36,"column":6}}},"fnMap":{"0":{"name":"(anonymous_0)","decl":{"start":{"line":5,"column":23},"end":{"line":5,"column":24}},"loc":{"start":{"line":5,"column":49},"end":{"line":38,"column":1}},"line":5}},"branchMap":{},"s":{"0":1,"1":1,"2":2,"3":2,"4":2,"5":2,"6":2,"7":2,"8":1,"9":1,"10":1,"11":1},"f":{"0":2},"b":{},"_coverageSchema":"1a1c01bbd47fc00a2c39e90264f33305004495a9","hash":"3f4d038ae279f25644eb929e054735aad6c98cd0"}
}
